<?xml version="1.0" encoding="UTF-8"?>
<testsuite name="petstore.Pet" tests="2" skipped="0" failures="0" errors="0" timestamp="2021-09-08T18:05:59" hostname="DESKTOP-52MIKTI" time="11.86">
  <properties/>
  <testcase name="incluirPet" classname="petstore.Pet" time="10.367"/>
  <testcase name="consultarPet" classname="petstore.Pet" time="1.462"/>
  <system-out><![CDATA[Request method:	POST
Request URI:	https://petstore.swagger.io/v2/pet
Proxy:			<none>
Request params:	<none>
Query params:	<none>
Form params:	<none>
Path params:	<none>
Headers:		Accept=*/*
				Content-Type=application/json; charset=UTF-8
Cookies:		<none>
Multiparts:		<none>
Body:
{
    "id": 1147877,
    "category": {
        "id": 1,
        "name": "AX2345LORT"
    },
    "name": "Hatchi",
    "photoUrls": [
        "string"
    ],
    "tags": [
        {
            "id": 20210812,
            "name": "data"
        }
    ],
    "status": "available"
}
HTTP/1.1 200 OK
Date: Wed, 08 Sep 2021 18:06:06 GMT
Content-Type: application/json
Transfer-Encoding: chunked
Connection: keep-alive
Access-Control-Allow-Origin: *
Access-Control-Allow-Methods: GET, POST, DELETE, PUT
Access-Control-Allow-Headers: Content-Type, api_key, Authorization
Server: Jetty(9.2.9.v20150224)

{
    "id": 1147877,
    "category": {
        "id": 1,
        "name": "AX2345LORT"
    },
    "name": "Hatchi",
    "photoUrls": [
        "string"
    ],
    "tags": [
        {
            "id": 20210812,
            "name": "data"
        }
    ],
    "status": "available"
}
Request method:	GET
Request URI:	https://petstore.swagger.io/v2/pet/1147877
Proxy:			<none>
Request params:	<none>
Query params:	<none>
Form params:	<none>
Path params:	<none>
Headers:		Accept=*/*
				Content-Type=application/json; charset=UTF-8
Cookies:		<none>
Multiparts:		<none>
Body:			<none>
HTTP/1.1 200 OK
Date: Wed, 08 Sep 2021 18:06:10 GMT
Content-Type: application/json
Transfer-Encoding: chunked
Connection: keep-alive
Access-Control-Allow-Origin: *
Access-Control-Allow-Methods: GET, POST, DELETE, PUT
Access-Control-Allow-Headers: Content-Type, api_key, Authorization
Server: Jetty(9.2.9.v20150224)

{
    "id": 1147877,
    "category": {
        "id": 1,
        "name": "AX2345LORT"
    },
    "name": "Hatchi",
    "photoUrls": [
        "string"
    ],
    "tags": [
        {
            "id": 20210812,
            "name": "data"
        }
    ],
    "status": "available"
}
o token é: AX2345LORT
]]></system-out>
  <system-err><![CDATA[]]></system-err>
</testsuite>
