<?xml version="1.0" encoding="UTF-8"?>
<testsuite name="petstore.Pet" tests="4" skipped="0" failures="0" errors="0" timestamp="2021-09-08T19:39:56" hostname="DESKTOP-52MIKTI" time="8.477">
  <properties/>
  <testcase name="incluirPet" classname="petstore.Pet" time="5.475"/>
  <testcase name="consultarPet" classname="petstore.Pet" time="1.043"/>
  <testcase name="alterarPet" classname="petstore.Pet" time="0.97"/>
  <testcase name="excluirPet" classname="petstore.Pet" time="0.979"/>
  <system-out><![CDATA[Request method:	POST
Request URI:	https://petstore.swagger.io/v2/pet
Proxy:			<none>
Request params:	<none>
Query params:	<none>
Form params:	<none>
Path params:	<none>
Headers:		Accept=*/*
				Content-Type=application/json; charset=UTF-8
Cookies:		<none>
Multiparts:		<none>
Body:
{
    "id": 1147877,
    "category": {
        "id": 1,
        "name": "AX2345LORT"
    },
    "name": "Hatchi",
    "photoUrls": [
        "string"
    ],
    "tags": [
        {
            "id": 20210812,
            "name": "data"
        }
    ],
    "status": "available"
}
HTTP/1.1 200 OK
Date: Wed, 08 Sep 2021 19:40:00 GMT
Content-Type: application/json
Transfer-Encoding: chunked
Connection: keep-alive
Access-Control-Allow-Origin: *
Access-Control-Allow-Methods: GET, POST, DELETE, PUT
Access-Control-Allow-Headers: Content-Type, api_key, Authorization
Server: Jetty(9.2.9.v20150224)

{
    "id": 1147877,
    "category": {
        "id": 1,
        "name": "AX2345LORT"
    },
    "name": "Hatchi",
    "photoUrls": [
        "string"
    ],
    "tags": [
        {
            "id": 20210812,
            "name": "data"
        }
    ],
    "status": "available"
}
Request method:	GET
Request URI:	https://petstore.swagger.io/v2/pet/1147877
Proxy:			<none>
Request params:	<none>
Query params:	<none>
Form params:	<none>
Path params:	<none>
Headers:		Accept=*/*
				Content-Type=application/json; charset=UTF-8
Cookies:		<none>
Multiparts:		<none>
Body:			<none>
HTTP/1.1 200 OK
Date: Wed, 08 Sep 2021 19:40:02 GMT
Content-Type: application/json
Transfer-Encoding: chunked
Connection: keep-alive
Access-Control-Allow-Origin: *
Access-Control-Allow-Methods: GET, POST, DELETE, PUT
Access-Control-Allow-Headers: Content-Type, api_key, Authorization
Server: Jetty(9.2.9.v20150224)

{
    "id": 1147877,
    "category": {
        "id": 1,
        "name": "AX2345LORT"
    },
    "name": "Hatchi",
    "photoUrls": [
        "string"
    ],
    "tags": [
        {
            "id": 20210812,
            "name": "data"
        }
    ],
    "status": "available"
}
O token é AX2345LORT
Request method:	PUT
Request URI:	https://petstore.swagger.io/v2/pet
Proxy:			<none>
Request params:	<none>
Query params:	<none>
Form params:	<none>
Path params:	<none>
Headers:		Accept=*/*
				Content-Type=application/json; charset=UTF-8
Cookies:		<none>
Multiparts:		<none>
Body:
{
    "id": 1147877,
    "category": {
        "id": 1,
        "name": "AX2345LORT"
    },
    "name": "Hatchi",
    "photoUrls": [
        "string"
    ],
    "tags": [
        {
            "id": 20210812,
            "name": "data"
        }
    ],
    "status": "sold"
}
HTTP/1.1 200 OK
Date: Wed, 08 Sep 2021 19:40:03 GMT
Content-Type: application/json
Transfer-Encoding: chunked
Connection: keep-alive
Access-Control-Allow-Origin: *
Access-Control-Allow-Methods: GET, POST, DELETE, PUT
Access-Control-Allow-Headers: Content-Type, api_key, Authorization
Server: Jetty(9.2.9.v20150224)

{
    "id": 1147877,
    "category": {
        "id": 1,
        "name": "AX2345LORT"
    },
    "name": "Hatchi",
    "photoUrls": [
        "string"
    ],
    "tags": [
        {
            "id": 20210812,
            "name": "data"
        }
    ],
    "status": "sold"
}
Request method:	DELETE
Request URI:	https://petstore.swagger.io/v2/pet/1147877
Proxy:			<none>
Request params:	<none>
Query params:	<none>
Form params:	<none>
Path params:	<none>
Headers:		Accept=*/*
				Content-Type=application/json; charset=UTF-8
Cookies:		<none>
Multiparts:		<none>
Body:			<none>
HTTP/1.1 200 OK
Date: Wed, 08 Sep 2021 19:40:04 GMT
Content-Type: application/json
Transfer-Encoding: chunked
Connection: keep-alive
Access-Control-Allow-Origin: *
Access-Control-Allow-Methods: GET, POST, DELETE, PUT
Access-Control-Allow-Headers: Content-Type, api_key, Authorization
Server: Jetty(9.2.9.v20150224)

{
    "code": 200,
    "type": "unknown",
    "message": "1147877"
}
]]></system-out>
  <system-err><![CDATA[]]></system-err>
</testsuite>
